789
ES 39971
UE 37226
EN 36961
DE 34355
QU 32497
OS 31183
ER 28653
EL 27406
AS 25902
LA 24242
RA 23299
AN 23241
DO 21706
AD 21090
SE 20263
ON 20243
AL 20143
AR 18962
RE 17889
NT 17226
OR 16725
ST 15883
CO 15567
TE 15567
SA 14757
ND 14703
TA 14255
NO 14142
LO 13869
LE 13800
RO 13727
IE 13162
TO 13123
OD 12381
ED 11813
DA 11576
AB 11227
CA 10861
DI 10855
AM 10802
PO 10617
EC 10371
AC 10290
ME 10181
NA 10091
LL 10015
CI 9261
NE 9214
HA 9201
NC 8742
IN 8726
TR 8691
OM 8572
MO 8465
SI 8333
MA 8270
PA 8193
EA 8181
UN 8113
OL 7767
SO 7659
SP 7472
SD 7453
EM 7362
EE 7319
BA 7207
OQ 7176
OT 7165
SU 7142
CE 7047
OC 6965
MI 6908
íA 6793
SC 6754
OE 6658
RI 6572
CH 6424
AQ 6386
CU 6345
OY 6213
UI 6087
VE 6083
AY 6042
AP 5931
EP 5929
ET 5856
PE 5705
JO 5696
HO 5672
IS 5566
ID 5501
TI 5375
AE 5350
OP 5321
OA 5196
AT 5016
VI 4947
NS 4837
RD 4761
IC 4743
IJ 4714
IA 4710
SQ 4635
IO 4492
SY 4412
RT 4389
IR 4351
NQ 4293
BR 4284
EV 4251
NL 4153
YA 4078
AA 4055
GA 4042
EH 3977
LI 3947
NI 3924
GU 3916
GO 3910
PU 3883
UA 3878
Ió 3873
PR 3826
EG 3817
AV 3811
EY 3650
US 3604
SM 3565
IM 3409
EQ 3372
RL 3354
SL 3336
UR 3326
RM 3217
LC 3208
MU 3165
SS 3148
IG 3119
RC 3106
ZA 3044
YO 3032
BE 3024
IL 2982
BI 2971
TU 2914
áS 2836
RS 2835
YE 2790
RQ 2746
RR 2688
AG 2591
OB 2581
NG 2569
AH 2541
Eñ 2526
ñO 2515
Má 2503
óN 2452
UC 2440
VA 2426
HE 2419
OH 2385
AU 2372
MP 2363
VO 2358
IT 2352
GR 2321
LD 2310
UD 2294
EJ 2247
LM 2227
YD 2208
FU 2197
EB 2072
JA 2058
LT 2051
NP 2049
EO 1899
NM 1897
LG 1876
PI 1863
DU 1849
BU 1820
SH 1813
NU 1804
RN 1796
HI 1741
OV 1740
LU 1739
SN 1712
MB 1708
éL 1697
AZ 1688
CR 1685
YC 1682
BL 1669
Sí 1651
IB 1649
Rí 1633
VU 1626
DR 1622
UL 1620
Bí 1609
YS 1595
LV 1572
SV 1553
EZ 1543
LP 1528
FI 1514
JE 1505
YL 1461
EF 1447
Rá 1406
áN 1400
ñA 1395
ZO 1394
Ué 1393
Añ 1387
LS 1375
YP 1369
BO 1347
Dí 1336
NV 1323
AF 1307
RP 1305
FA 1301
OF 1278
NZ 1271
Ié 1268
AJ 1259
éN 1237
FE 1205
RU 1199
NF 1154
PL 1131
AO 1129
UM 1108
SR 1092
NY 1088
YM 1081
EU 1062
UY 1056
óS 1055
EI 1043
óL 1033
AI 1031
Mí 1022
UB 1021
Ré 1008
YQ 1004
IV 1002
óD 992
RY 980
JU 955
éS 954
OO 953
YT 920
Tá 917
Cí 899
OJ 889
RV 884
óE 879
RB 867
Ní 845
íS 842
GE 832
NR 831
óA 827
SF 825
LB 817
SB 811
IP 797
GI 787
OG 787
HU 785
LR 781
YN 780
RG 774
UV 774
NH 770
LQ 766
UP 766
Tó 742
NB 730
SG 723
Có 711
DD 704
NN 703
UT 694
Lí 691
íD 690
OU 688
FR 682
úN 667
Zó 660
Uí 641
UG 600
FO 599
íN 595
IZ 593
YV 580
OZ 539
Sé 526
IF 520
Gú 516
Só 516
CL 501
Lá 487
UJ 483
éR 482
Ró 480
Dó 477
óM 477
YH 472
OI 462
UQ 459
LH 458
íO 458
Né 451
íE 442
DM 434
Eé 427
YB 427
LY 425
éI 417
Aí 395
LF 391
áR 390
DQ 383
Dé 383
éD 383
YR 369
LN 367
YF 361
DS 360
DY 360
Gó 354
Oí 352
TH 351
CT 349
íT 349
íC 346
RZ 328
IQ 316
íL 314
RH 312
YU 304
Tí 299
Tú 294
Té 283
ZC 277
óC 277
NJ 276
YY 273
RF 269
áB 269
áE 268
óQ 262
UZ 255
GN 252
Ví 251
Dá 250
íM 240
éC 236
Aé 234
íQ 234
Pí 232
áL 231
UH 229
Uá 229
éQ 228
áI 225
íR 225
GL 224
Eí 216
éE 212
IH 207
Ló 207
áM 202
óP 202
éA 201
Nó 198
éM 197
YG 193
SJ 191
DL 189
Oé 188
EX 187
IU 187
áC 186
áT 185
FL 184
DV 181
éP 175
Jó 174
áD 174
Bé 173
óY 173
Cá 172
DP 172
ZD 170
LJ 167
éY 163
íP 162
Mó 160
UF 160
LZ 158
DC 157
íY 147
áG 145
ñE 145
Sá 144
Hí 143
Yé 141
íG 140
IY 137
Yó 135
úS 133
áA 129
Bó 128
ZY 128
óT 126
Vá 122
áP 121
DT 118
Gá 117
Iñ 117
Zá 117
éT 116
II 114
UO 114
RJ 113
Aú 110
óU 104
Lé 103
Ná 103
Uñ 103
íH 101
DH 100
éH 100
Bá 99
Mé 99
Oñ 98
áQ 98
Pó 97
ZG 97
DN 95
Há 93
RK 93
íF 90
TG 86
Pú 83
ZQ 83
Gü 82
OX 82
WO 82
úL 80
íJ 79
üE 79
Cé 78
íV 78
Eá 77
YJ 77
JI 76
Jé 75
ñí 75
CC 74
Mú 74
PT 73
ZN 73
WI 72
ZL 72
GT 71
Gé 71
éJ 70
Fí 69
Vé 68
HT 67
TM 67
XC 67
úM 67
Eó 66
XX 65
XP 64
Vó 63
Hó 62
óR 61
ZE 60
Pá 59
úB 58
Iá 56
áV 56
YI 55
ZS 55
Fá 54
XI 53
ZM 51
ZP 51
Gí 50
Nú 50
FT 49
Rú 49
TT 49
éG 49
EW 48
HS 48
áY 47
éV 47
óO 47
Pé 46
KS 45
Já 44
ZU 44
éB 44
TS 43
IX 42
SZ 42
úT 41
TY 40
ñI 39
íZ 38
éO 37
ZT 35
óV 35
óF 34
úD 34
SW 33
áH 33
DF 32
TC 32
íB 32
úP 32
DB 31
ñó 30
PY 29
XV 29
áO 29
úQ 29
OW 28
ZH 28
óH 28
CW 27
XT 27
Fé 26
MS 26
Oá 26
áU 26
óB 26
íU 25
óG 25
BS 24
Hé 24
éU 24
BY 23
GH 22
Jí 22
áJ 22
úE 22
HP 21
PP 21
WE 21
WH 21
XL 21
úA 21
PH 20
TF 20
TP 20
VD 20
XA 20
XD 20
ñU 20
úV 20
Lú 19
Sú 19
ZB 19
HC 18
éF 18
FY 17
TN 17
áZ 17
úC 17
DW 16
KE 16
ZR 16
AW 15
FP 15
HD 15
KO 15
LX 15
WA 15
XE 15
YW 15
ñá 15
FF 14
HH 14
TL 14
íI 14
HF 13
KI 13
áF 13
HV 12
MW 12
NW 12
OK 12
Yá 12
ZV 12
úH 12
úR 12
BJ 11
HM 11
HQ 11
HR 11
KA 11
ML 11
RW 11
TD 11
AX 10
Aá 10
DG 10
GP 10
Jú 10
Oú 10
PG 10
WW 10
óJ 10
CD 9
MM 9
MT 9
WS 9
óé 9
úY 9
FC 8
GD 8
GW 8
HL 8
MD 8
MN 8
WN 8
XM 8
YZ 8
AK 7
Fó 7
GC 7
GS 7
HB 7
Hú 7
TB 7
TW 7
Uó 7
WT 7
Yú 7
óI 7
úO 7
BC 6
BT 6
Eú 6
HY 6
Ií 6
MC 6
NK 6
Uú 6
WR 6
ñé 6
DJ 5
FD 5
GF 5
GM 5
HG 5
KC 5
LW 5
PS 5
XQ 5
áé 5
íé 5
óZ 5
BP 4
Cú 4
Dú 4
KB 4
KT 4
KY 4
MY 4
PW 4
TV 4
UW 4
VQ 4
WG 4
áñ 4
éZ 4
üI 4
CK 3
CP 3
CS 3
FV 3
FW 3
HN 3
KW 3
PC 3
PM 3
TQ 3
UU 3
UX 3
XO 3
XS 3
XY 3
YK 3
ZF 3
úJ 3
üé 3
BN 2
Bú 2
FM 2
FS 2
GB 2
GV 2
HJ 2
HW 2
Iù 2
Jü 2
KF 2
MH 2
Rü 2
WB 2
WC 2
ZI 2
éé 2
éñ 2
íí 2
ïE 2
óñ 2
úF 2
úG 2
úZ 2
BD 1
BM 1
BQ 1
CB 1
CM 1
CN 1
CQ 1
CY 1
DK 1
Dï 1
EK 1
FH 1
FN 1
Fï 1
Fú 1
GY 1
Gï 1
HZ 1
JQ 1
JY 1
KD 1
KL 1
KM 1
KN 1
KP 1
KU 1
LK 1
MF 1
MG 1
MQ 1
NX 1
PD 1
PN 1
Rà 1
SK 1
Sñ 1
TX 1
Tï 1
VC 1
WD 1
WF 1
WP 1
WY 1
XH 1
XN 1
XR 1
Yí 1
ZJ 1
ZZ 1
àC 1
áí 1
ïA 1
ïó 1
ùC 1
ùD 1
úI 1